<?xml version="1.0" encoding="UTF-8"?>
<!-- Generated by org.testng.reporters.JUnitXMLReporter -->
<testsuite ignored="0" hostname="LAPTOP-T5BNGG9M" failures="0" tests="1" name="Test" time="0.075" errors="0" timestamp="2023-01-25T12:04:12 IST">
  <testcase classname="testClasses.ValidateManagerDetails" name="@BeforeMethod launchGuru99App" time="0.014">
    <failure type="java.lang.NullPointerException">
      <![CDATA[java.lang.NullPointerException
at base.Base.launchBrowser(Base.java:35)
at testClasses.ValidateManagerDetails.launchGuru99App(ValidateManagerDetails.java:29)
at java.base/java.util.ArrayList.forEach(ArrayList.java:1541)
... Removed 31 stack frames]]>
    </failure>
  </testcase> <!-- @BeforeMethod launchGuru99App -->
  <testcase classname="testClasses.ValidateManagerDetails" name="@AfterMethod closingBrowser" time="0.0">
    <skipped/>
  </testcase> <!-- @AfterMethod closingBrowser -->
  <testcase classname="testClasses.ValidateManagerDetails" name="validateManagerId" time="0.0">
    <skipped/>
  </testcase> <!-- validateManagerId -->
</testsuite> <!-- Test -->
